<?xml version="1.0" encoding="UTF-8"?>
<!-- Generated by org.testng.reporters.JUnitXMLReporter -->
<testsuite ignored="0" hostname="DESKTOP-A996OJH" failures="0" tests="2" name="Default test" time="58.499" errors="0" timestamp="2022-07-16T17:21:06 IST">
  <testcase classname="com.purnadata.testcases.CustomerTest" name="verifyCreateCustomerSuccessTest" time="8.866"/>
  <testcase classname="com.purnadata.testcases.CustomerTest" name="verifyCreateCustomerSuccessTest" time="6.305"/>
</testsuite> <!-- Default test -->
